TN:
SF:src\services\burger-constructor.ts
FN:20,reducer
FN:23,prepare
FN:28,removeIngredient
FN:32,moveIngredient
FN:37,clearConstructor
FN:50,selectConstructorIngredients
FNF:6
FNH:5
FNDA:2,reducer
FNDA:2,prepare
FNDA:1,removeIngredient
FNDA:1,moveIngredient
FNDA:1,clearConstructor
FNDA:0,selectConstructorIngredients
DA:1,1
DA:2,1
DA:3,1
DA:4,1
DA:5,1
DA:6,1
DA:7,1
DA:8,1
DA:9,1
DA:10,1
DA:11,1
DA:12,1
DA:13,1
DA:14,1
DA:15,1
DA:16,1
DA:17,1
DA:18,1
DA:19,1
DA:20,1
DA:21,2
DA:22,1
DA:23,1
DA:24,2
DA:25,2
DA:26,2
DA:27,1
DA:28,1
DA:29,1
DA:30,1
DA:31,1
DA:32,1
DA:33,1
DA:34,1
DA:35,1
DA:36,1
DA:37,1
DA:38,1
DA:39,1
DA:40,1
DA:41,1
DA:42,1
DA:43,1
DA:44,1
DA:45,1
DA:46,1
DA:47,1
DA:48,1
DA:49,1
DA:50,1
DA:51,0
LF:51
LH:50
BRDA:20,0,0,2
BRDA:23,1,0,2
BRDA:28,2,0,1
BRDA:32,3,0,1
BRDA:37,4,0,1
BRF:5
BRH:5
end_of_record
TN:
SF:src\services\feeds.ts
FN:39,clearFeedsError
FN:43,extraReducers
FN:71,selectFeeds
FN:72,selectFeedsLoading
FN:73,selectFeedsError
FNF:5
FNH:2
FNDA:1,clearFeedsError
FNDA:2,extraReducers
FNDA:0,selectFeeds
FNDA:0,selectFeedsLoading
FNDA:0,selectFeedsError
DA:1,1
DA:2,1
DA:3,1
DA:4,1
DA:5,1
DA:6,1
DA:7,1
DA:8,1
DA:9,1
DA:10,1
DA:11,1
DA:12,1
DA:13,1
DA:14,1
DA:15,1
DA:16,1
DA:17,1
DA:18,1
DA:19,1
DA:20,1
DA:21,1
DA:22,1
DA:23,1
DA:24,1
DA:25,1
DA:26,1
DA:27,0
DA:28,0
DA:29,0
DA:30,0
DA:31,0
DA:32,0
DA:33,1
DA:34,1
DA:35,1
DA:36,1
DA:37,1
DA:38,1
DA:39,1
DA:40,1
DA:41,1
DA:42,1
DA:43,1
DA:44,2
DA:45,1
DA:46,1
DA:47,2
DA:48,2
DA:49,2
DA:50,2
DA:51,1
DA:52,1
DA:53,1
DA:54,1
DA:55,1
DA:56,1
DA:57,1
DA:58,1
DA:59,1
DA:60,1
DA:61,2
DA:62,2
DA:63,1
DA:64,1
DA:65,2
DA:66,2
DA:67,1
DA:68,1
DA:69,1
DA:70,1
DA:71,1
DA:72,1
DA:73,1
LF:73
LH:67
BRDA:39,0,0,1
BRDA:43,1,0,2
BRDA:44,2,0,1
BRDA:50,3,0,1
BRDA:62,4,0,1
BRDA:64,5,0,0
BRDA:64,6,0,0
BRF:7
BRH:5
end_of_record
TN:
SF:src\services\ingredients.ts
FN:31,selectIngredients
FN:33,selectIngredientsLoading
FN:36,selectIngredientsError
FN:43,extraReducers
FNF:4
FNH:1
FNDA:0,selectIngredients
FNDA:0,selectIngredientsLoading
FNDA:0,selectIngredientsError
FNDA:2,extraReducers
DA:1,1
DA:2,1
DA:3,1
DA:4,1
DA:5,1
DA:6,1
DA:7,1
DA:8,1
DA:9,1
DA:10,1
DA:11,1
DA:12,1
DA:13,1
DA:14,1
DA:15,1
DA:16,1
DA:17,1
DA:18,1
DA:19,1
DA:20,1
DA:21,1
DA:22,1
DA:23,0
DA:24,0
DA:25,0
DA:26,0
DA:27,0
DA:28,0
DA:29,1
DA:30,1
DA:31,1
DA:32,1
DA:33,1
DA:34,0
DA:35,1
DA:36,1
DA:37,0
DA:38,1
DA:39,1
DA:40,1
DA:41,1
DA:42,1
DA:43,1
DA:44,2
DA:45,1
DA:46,1
DA:47,2
DA:48,2
DA:49,2
DA:50,2
DA:51,1
DA:52,1
DA:53,1
DA:54,2
DA:55,2
DA:56,1
DA:57,1
DA:58,2
DA:59,2
DA:60,1
DA:61,1
DA:62,1
LF:62
LH:54
BRDA:43,0,0,2
BRDA:44,1,0,1
BRDA:50,2,0,1
BRDA:55,3,0,1
BRDA:57,4,0,0
BRDA:57,5,0,0
BRF:6
BRH:4
end_of_record
TN:
SF:src\services\order-creation.ts
FN:36,clearCreateOrderError
FN:39,clearLastOrder
FN:43,extraReducers
FN:65,selectLastCreatedOrder
FN:67,selectCreateOrderLoading
FN:69,selectCreateOrderError
FNF:6
FNH:3
FNDA:1,clearCreateOrderError
FNDA:1,clearLastOrder
FNDA:2,extraReducers
FNDA:0,selectLastCreatedOrder
FNDA:0,selectCreateOrderLoading
FNDA:0,selectCreateOrderError
DA:1,1
DA:2,1
DA:3,1
DA:4,1
DA:5,1
DA:6,1
DA:7,1
DA:8,1
DA:9,1
DA:10,1
DA:11,1
DA:12,1
DA:13,1
DA:14,1
DA:15,1
DA:16,1
DA:17,1
DA:18,1
DA:19,1
DA:20,1
DA:21,1
DA:22,1
DA:23,1
DA:24,0
DA:25,0
DA:26,0
DA:27,0
DA:28,0
DA:29,0
DA:30,1
DA:31,1
DA:32,1
DA:33,1
DA:34,1
DA:35,1
DA:36,1
DA:37,1
DA:38,1
DA:39,1
DA:40,1
DA:41,1
DA:42,1
DA:43,1
DA:44,2
DA:45,1
DA:46,1
DA:47,2
DA:48,2
DA:49,2
DA:50,2
DA:51,1
DA:52,1
DA:53,1
DA:54,2
DA:55,2
DA:56,1
DA:57,1
DA:58,2
DA:59,2
DA:60,1
DA:61,1
DA:62,1
DA:63,1
DA:64,1
DA:65,1
DA:66,0
DA:67,1
DA:68,0
DA:69,1
DA:70,0
LF:70
LH:61
BRDA:36,0,0,1
BRDA:39,1,0,1
BRDA:43,2,0,2
BRDA:44,3,0,1
BRDA:50,4,0,1
BRDA:55,5,0,1
BRDA:57,6,0,0
BRDA:57,7,0,0
BRF:8
BRH:6
end_of_record
TN:
SF:src\services\orders.ts
FN:61,clearOrdersError
FN:64,clearCurrentOrder
FN:69,extraReducers
FN:107,selectUserOrders
FN:108,selectUserOrdersLoading
FN:110,selectUserOrdersError
FN:111,selectCurrentOrder
FN:112,selectCurrentOrderLoading
FN:114,selectCurrentOrderError
FNF:9
FNH:3
FNDA:1,clearOrdersError
FNDA:2,clearCurrentOrder
FNDA:2,extraReducers
FNDA:0,selectUserOrders
FNDA:0,selectUserOrdersLoading
FNDA:0,selectUserOrdersError
FNDA:0,selectCurrentOrder
FNDA:0,selectCurrentOrderLoading
FNDA:0,selectCurrentOrderError
DA:1,1
DA:2,1
DA:3,1
DA:4,1
DA:5,1
DA:6,1
DA:7,1
DA:8,1
DA:9,1
DA:10,1
DA:11,1
DA:12,1
DA:13,1
DA:14,1
DA:15,1
DA:16,1
DA:17,1
DA:18,1
DA:19,1
DA:20,1
DA:21,1
DA:22,1
DA:23,1
DA:24,1
DA:25,1
DA:26,1
DA:27,1
DA:28,1
DA:29,1
DA:30,1
DA:31,1
DA:32,0
DA:33,0
DA:34,0
DA:35,0
DA:36,0
DA:37,0
DA:38,0
DA:39,0
DA:40,1
DA:41,1
DA:42,1
DA:43,1
DA:44,1
DA:45,1
DA:46,1
DA:47,0
DA:48,0
DA:49,0
DA:50,0
DA:51,0
DA:52,0
DA:53,0
DA:54,0
DA:55,1
DA:56,1
DA:57,1
DA:58,1
DA:59,1
DA:60,1
DA:61,1
DA:62,1
DA:63,1
DA:64,1
DA:65,2
DA:66,2
DA:67,2
DA:68,1
DA:69,1
DA:70,2
DA:71,1
DA:72,1
DA:73,2
DA:74,2
DA:75,2
DA:76,2
DA:77,1
DA:78,1
DA:79,1
DA:80,2
DA:81,2
DA:82,1
DA:83,1
DA:84,2
DA:85,2
DA:86,2
DA:87,1
DA:88,1
DA:89,2
DA:90,2
DA:91,2
DA:92,2
DA:93,1
DA:94,1
DA:95,1
DA:96,2
DA:97,2
DA:98,1
DA:99,1
DA:100,1
DA:101,2
DA:102,2
DA:103,1
DA:104,1
DA:105,1
DA:106,1
DA:107,1
DA:108,1
DA:109,0
DA:110,1
DA:111,1
DA:112,1
DA:113,0
DA:114,1
DA:115,0
LF:115
LH:96
BRDA:61,0,0,1
BRDA:64,1,0,2
BRDA:69,2,0,2
BRDA:70,3,0,1
BRDA:76,4,0,1
BRDA:81,5,0,1
BRDA:83,6,0,0
BRDA:83,7,0,0
BRDA:86,8,0,1
BRDA:92,9,0,1
BRDA:97,10,0,1
BRDA:100,11,0,0
BRDA:100,12,0,0
BRF:13
BRH:9
end_of_record
TN:
SF:src\services\profile.ts
FN:134,clearProfileError
FN:137,clearProfile
FN:143,extraReducers
FN:253,selectUserProfile
FN:254,selectUserProfileLoading
FN:256,selectUserProfileError
FNF:6
FNH:3
FNDA:1,clearProfileError
FNDA:2,clearProfile
FNDA:2,extraReducers
FNDA:0,selectUserProfile
FNDA:0,selectUserProfileLoading
FNDA:0,selectUserProfileError
DA:1,1
DA:2,1
DA:3,1
DA:4,1
DA:5,1
DA:6,1
DA:7,1
DA:8,1
DA:9,1
DA:10,1
DA:11,1
DA:12,1
DA:13,1
DA:14,1
DA:15,1
DA:16,1
DA:17,1
DA:18,1
DA:19,1
DA:20,1
DA:21,1
DA:22,1
DA:23,1
DA:24,1
DA:25,1
DA:26,1
DA:27,1
DA:28,1
DA:29,1
DA:30,1
DA:31,1
DA:32,1
DA:33,1
DA:34,0
DA:35,0
DA:36,0
DA:37,0
DA:38,0
DA:39,0
DA:40,1
DA:41,1
DA:42,1
DA:43,1
DA:44,1
DA:45,1
DA:46,1
DA:47,0
DA:48,0
DA:49,0
DA:50,0
DA:51,0
DA:52,0
DA:53,0
DA:54,0
DA:55,0
DA:56,0
DA:57,1
DA:58,1
DA:59,1
DA:60,1
DA:61,1
DA:62,1
DA:63,1
DA:64,0
DA:65,0
DA:66,0
DA:67,0
DA:68,0
DA:69,0
DA:70,0
DA:71,0
DA:72,0
DA:73,1
DA:74,1
DA:75,1
DA:76,1
DA:77,1
DA:78,0
DA:79,0
DA:80,0
DA:81,0
DA:82,0
DA:83,0
DA:84,0
DA:85,0
DA:86,0
DA:87,1
DA:88,1
DA:89,1
DA:90,1
DA:91,1
DA:92,1
DA:93,1
DA:94,0
DA:95,0
DA:96,0
DA:97,0
DA:98,0
DA:99,0
DA:100,0
DA:101,0
DA:102,1
DA:103,1
DA:104,1
DA:105,1
DA:106,1
DA:107,1
DA:108,1
DA:109,0
DA:110,0
DA:111,0
DA:112,0
DA:113,0
DA:114,0
DA:115,1
DA:116,1
DA:117,1
DA:118,1
DA:119,1
DA:120,1
DA:121,1
DA:122,0
DA:123,0
DA:124,0
DA:125,0
DA:126,0
DA:127,0
DA:128,1
DA:129,1
DA:130,1
DA:131,1
DA:132,1
DA:133,1
DA:134,1
DA:135,1
DA:136,1
DA:137,1
DA:138,2
DA:139,2
DA:140,2
DA:141,2
DA:142,1
DA:143,1
DA:144,2
DA:145,1
DA:146,1
DA:147,2
DA:148,2
DA:149,2
DA:150,2
DA:151,1
DA:152,1
DA:153,1
DA:154,2
DA:155,2
DA:156,1
DA:157,1
DA:158,2
DA:159,2
DA:160,2
DA:161,1
DA:162,1
DA:163,2
DA:164,2
DA:165,2
DA:166,2
DA:167,1
DA:168,1
DA:169,1
DA:170,2
DA:171,2
DA:172,1
DA:173,1
DA:174,1
DA:175,2
DA:176,2
DA:177,2
DA:178,1
DA:179,1
DA:180,2
DA:181,2
DA:182,2
DA:183,2
DA:184,1
DA:185,1
DA:186,1
DA:187,2
DA:188,2
DA:189,1
DA:190,1
DA:191,2
DA:192,2
DA:193,2
DA:194,1
DA:195,1
DA:196,2
DA:197,2
DA:198,1
DA:199,1
DA:200,2
DA:201,2
DA:202,1
DA:203,1
DA:204,2
DA:205,2
DA:206,2
DA:207,1
DA:208,1
DA:209,2
DA:210,2
DA:211,2
DA:212,2
DA:213,1
DA:214,1
DA:215,1
DA:216,2
DA:217,2
DA:218,1
DA:219,1
DA:220,1
DA:221,2
DA:222,2
DA:223,2
DA:224,1
DA:225,1
DA:226,2
DA:227,2
DA:228,1
DA:229,2
DA:230,2
DA:231,1
DA:232,1
DA:233,1
DA:234,2
DA:235,2
DA:236,2
DA:237,1
DA:238,1
DA:239,2
DA:240,2
DA:241,1
DA:242,2
DA:243,2
DA:244,1
DA:245,1
DA:246,1
DA:247,2
DA:248,2
DA:249,1
DA:250,1
DA:251,1
DA:252,1
DA:253,1
DA:254,1
DA:255,0
DA:256,1
LF:256
LH:201
BRDA:134,0,0,1
BRDA:137,1,0,2
BRDA:143,2,0,2
BRDA:144,3,0,1
BRDA:150,4,0,1
BRDA:155,5,0,1
BRDA:157,6,0,0
BRDA:157,7,0,0
BRDA:160,8,0,1
BRDA:166,9,0,1
BRDA:171,10,0,1
BRDA:174,11,0,0
BRDA:174,12,0,0
BRDA:177,13,0,1
BRDA:183,14,0,1
BRDA:188,15,0,1
BRDA:190,16,0,0
BRDA:190,17,0,0
BRDA:193,18,0,1
BRDA:197,19,0,1
BRDA:201,20,0,1
BRDA:203,21,0,0
BRDA:203,22,0,0
BRDA:206,23,0,1
BRDA:212,24,0,1
BRDA:217,25,0,1
BRDA:220,26,0,0
BRDA:220,27,0,0
BRDA:223,28,0,1
BRDA:227,29,0,1
BRDA:230,30,0,1
BRDA:233,31,0,0
BRDA:233,32,0,0
BRDA:236,33,0,1
BRDA:240,34,0,1
BRDA:243,35,0,1
BRDA:246,36,0,0
BRDA:246,37,0,0
BRF:38
BRH:24
end_of_record
TN:
SF:src\services\store.ts
FN:36,useDispatch
FNF:1
FNH:0
FNDA:0,useDispatch
DA:1,1
DA:2,1
DA:3,1
DA:4,1
DA:5,1
DA:6,1
DA:7,1
DA:8,1
DA:9,1
DA:10,1
DA:11,1
DA:12,1
DA:13,1
DA:14,1
DA:15,1
DA:16,1
DA:17,1
DA:18,1
DA:19,1
DA:20,1
DA:21,1
DA:22,1
DA:23,1
DA:24,1
DA:25,1
DA:26,1
DA:27,1
DA:28,1
DA:29,1
DA:30,1
DA:31,1
DA:32,1
DA:33,1
DA:34,1
DA:35,1
DA:36,1
DA:37,1
DA:38,1
DA:39,1
LF:39
LH:39
BRF:0
BRH:0
end_of_record
TN:
SF:src\utils\burger-api.ts
FN:6,checkResponse
FN:18,refreshToken
FN:38,fetchWithRefresh
FN:74,getIngredientsApi
FN:82,getFeedsApi
FN:90,getOrdersApi
FN:107,orderBurgerApi
FN:126,getOrderByNumberApi
FN:146,registerUserApi
FN:165,loginUserApi
FN:179,forgotPasswordApi
FN:193,resetPasswordApi
FN:209,getUserApi
FN:216,updateUserApi
FN:226,logoutApi
FNF:15
FNH:0
FNDA:0,checkResponse
FNDA:0,refreshToken
FNDA:0,fetchWithRefresh
FNDA:0,getIngredientsApi
FNDA:0,getFeedsApi
FNDA:0,getOrdersApi
FNDA:0,orderBurgerApi
FNDA:0,getOrderByNumberApi
FNDA:0,registerUserApi
FNDA:0,loginUserApi
FNDA:0,forgotPasswordApi
FNDA:0,resetPasswordApi
FNDA:0,getUserApi
FNDA:0,updateUserApi
FNDA:0,logoutApi
DA:1,1
DA:2,1
DA:3,1
DA:4,1
DA:5,1
DA:6,1
DA:7,0
DA:8,1
DA:9,1
DA:10,1
DA:11,1
DA:12,1
DA:13,1
DA:14,1
DA:15,1
DA:16,1
DA:17,1
DA:18,1
DA:19,0
DA:20,0
DA:21,0
DA:22,0
DA:23,0
DA:24,0
DA:25,0
DA:26,0
DA:27,0
DA:28,0
DA:29,0
DA:30,0
DA:31,0
DA:32,0
DA:33,0
DA:34,0
DA:35,0
DA:36,0
DA:37,1
DA:38,1
DA:39,0
DA:40,0
DA:41,0
DA:42,0
DA:43,0
DA:44,0
DA:45,0
DA:46,0
DA:47,0
DA:48,0
DA:49,0
DA:50,0
DA:51,0
DA:52,0
DA:53,0
DA:54,0
DA:55,0
DA:56,0
DA:57,0
DA:58,0
DA:59,1
DA:60,1
DA:61,1
DA:62,1
DA:63,1
DA:64,1
DA:65,1
DA:66,1
DA:67,1
DA:68,1
DA:69,1
DA:70,1
DA:71,1
DA:72,1
DA:73,1
DA:74,1
DA:75,0
DA:76,0
DA:77,0
DA:78,0
DA:79,0
DA:80,0
DA:81,1
DA:82,1
DA:83,0
DA:84,0
DA:85,0
DA:86,0
DA:87,0
DA:88,0
DA:89,1
DA:90,1
DA:91,0
DA:92,0
DA:93,0
DA:94,0
DA:95,0
DA:96,0
DA:97,0
DA:98,0
DA:99,0
DA:100,0
DA:101,1
DA:102,1
DA:103,1
DA:104,1
DA:105,1
DA:106,1
DA:107,1
DA:108,0
DA:109,0
DA:110,0
DA:111,0
DA:112,0
DA:113,0
DA:114,0
DA:115,0
DA:116,0
DA:117,0
DA:118,0
DA:119,0
DA:120,0
DA:121,1
DA:122,1
DA:123,1
DA:124,1
DA:125,1
DA:126,1
DA:127,0
DA:128,0
DA:129,0
DA:130,0
DA:131,0
DA:132,0
DA:133,1
DA:134,1
DA:135,1
DA:136,1
DA:137,1
DA:138,1
DA:139,1
DA:140,1
DA:141,1
DA:142,1
DA:143,1
DA:144,1
DA:145,1
DA:146,1
DA:147,0
DA:148,0
DA:149,0
DA:150,0
DA:151,0
DA:152,0
DA:153,0
DA:154,0
DA:155,0
DA:156,0
DA:157,0
DA:158,0
DA:159,1
DA:160,1
DA:161,1
DA:162,1
DA:163,1
DA:164,1
DA:165,1
DA:166,0
DA:167,0
DA:168,0
DA:169,0
DA:170,0
DA:171,0
DA:172,0
DA:173,0
DA:174,0
DA:175,0
DA:176,0
DA:177,0
DA:178,1
DA:179,1
DA:180,0
DA:181,0
DA:182,0
DA:183,0
DA:184,0
DA:185,0
DA:186,0
DA:187,0
DA:188,0
DA:189,0
DA:190,0
DA:191,0
DA:192,1
DA:193,1
DA:194,0
DA:195,0
DA:196,0
DA:197,0
DA:198,0
DA:199,0
DA:200,0
DA:201,0
DA:202,0
DA:203,0
DA:204,0
DA:205,0
DA:206,1
DA:207,1
DA:208,1
DA:209,1
DA:210,0
DA:211,0
DA:212,0
DA:213,0
DA:214,0
DA:215,1
DA:216,1
DA:217,0
DA:218,0
DA:219,0
DA:220,0
DA:221,0
DA:222,0
DA:223,0
DA:224,0
DA:225,1
DA:226,1
DA:227,0
DA:228,0
DA:229,0
DA:230,0
DA:231,0
DA:232,0
DA:233,0
DA:234,0
DA:235,0
LF:235
LH:85
BRF:0
BRH:0
end_of_record
TN:
SF:src\utils\cookie.ts
FN:1,getCookie
FN:13,setCookie
FN:45,deleteCookie
FNF:3
FNH:0
FNDA:0,getCookie
FNDA:0,setCookie
FNDA:0,deleteCookie
DA:1,0
DA:2,0
DA:3,0
DA:4,0
DA:5,0
DA:6,0
DA:7,0
DA:8,0
DA:9,0
DA:10,0
DA:11,0
DA:12,1
DA:13,0
DA:14,0
DA:15,0
DA:16,0
DA:17,0
DA:18,0
DA:19,0
DA:20,0
DA:21,0
DA:22,0
DA:23,0
DA:24,0
DA:25,0
DA:26,0
DA:27,0
DA:28,0
DA:29,0
DA:30,0
DA:31,0
DA:32,0
DA:33,0
DA:34,0
DA:35,0
DA:36,0
DA:37,0
DA:38,0
DA:39,0
DA:40,0
DA:41,0
DA:42,0
DA:43,0
DA:44,1
DA:45,0
DA:46,0
DA:47,0
LF:47
LH:2
BRF:0
BRH:0
end_of_record
